[debug] [2021-06-22T04:29:54.935Z] ----------------------------------------------------------------------
[debug] [2021-06-22T04:29:54.940Z] Command:       /home/adrian/.nvm/versions/node/v15.5.0/bin/node /home/adrian/.nvm/versions/node/v15.5.0/bin/firebase deploy
[debug] [2021-06-22T04:29:54.941Z] CLI Version:   9.10.0
[debug] [2021-06-22T04:29:54.941Z] Platform:      linux
[debug] [2021-06-22T04:29:54.941Z] Node Version:  v15.5.0
[debug] [2021-06-22T04:29:55.400Z] Time:          Tue Jun 22 2021 06:29:54 GMT+0200 (Central Africa Time)
[debug] [2021-06-22T04:29:55.401Z] ----------------------------------------------------------------------
[debug] 
[debug] [2021-06-22T04:29:55.618Z] > command requires scopes: ["email","openid","https://www.googleapis.com/auth/cloudplatformprojects.readonly","https://www.googleapis.com/auth/firebase","https://www.googleapis.com/auth/cloud-platform"]
[debug] [2021-06-22T04:29:55.619Z] > authorizing via signed-in user (theantisocialcircle@gmail.com)
[debug] [2021-06-22T04:29:55.620Z] [iam] checking project thaantisocialcircle for permissions ["firebase.projects.get","firebasehosting.sites.update"]
[debug] [2021-06-22T04:29:55.789Z] > refreshing access token with scopes: ["email","https://www.googleapis.com/auth/cloud-platform","https://www.googleapis.com/auth/cloudplatformprojects.readonly","https://www.googleapis.com/auth/firebase","openid"]
[debug] [2021-06-22T04:29:55.789Z] >>> HTTP REQUEST POST https://www.googleapis.com/oauth2/v3/token  
 <request body omitted>
[debug] [2021-06-22T04:31:19.863Z] [iam] error while checking permissions, command may fail: FirebaseError: Authentication Error: Your credentials are no longer valid. Please run firebase login --reauth

For CI servers and headless environments, generate a new token with firebase login:ci
[debug] [2021-06-22T04:31:19.866Z] > refreshing access token with scopes: []
[debug] [2021-06-22T04:31:19.866Z] >>> HTTP REQUEST POST https://www.googleapis.com/oauth2/v3/token  
 <request body omitted>
[debug] [2021-06-22T04:31:29.878Z] Authentication Error: Your credentials are no longer valid. Please run firebase login --reauth

For CI servers and headless environments, generate a new token with firebase login:ci
[debug] [2021-06-22T04:31:39.898Z] FirebaseError: Authentication Error: Your credentials are no longer valid. Please run firebase login --reauth

For CI servers and headless environments, generate a new token with firebase login:ci
    at invalidCredentialError (/home/adrian/.nvm/versions/node/v15.5.0/lib/node_modules/firebase-tools/lib/auth.js:141:12)
    at refreshTokens (/home/adrian/.nvm/versions/node/v15.5.0/lib/node_modules/firebase-tools/lib/auth.js:450:15)
    at processTicksAndRejections (node:internal/process/task_queues:93:5)
    at async Client.getAccessToken (/home/adrian/.nvm/versions/node/v15.5.0/lib/node_modules/firebase-tools/lib/apiv2.js:144:23)
    at async Client.addAuthHeader (/home/adrian/.nvm/versions/node/v15.5.0/lib/node_modules/firebase-tools/lib/apiv2.js:135:21)
    at async Client.request (/home/adrian/.nvm/versions/node/v15.5.0/lib/node_modules/firebase-tools/lib/apiv2.js:93:34)
    at async Object.getFirebaseProject (/home/adrian/.nvm/versions/node/v15.5.0/lib/node_modules/firebase-tools/lib/management/projects.js:290:21)
    at async Object.getDefaultHostingSite (/home/adrian/.nvm/versions/node/v15.5.0/lib/node_modules/firebase-tools/lib/getDefaultHostingSite.js:8:21)
    at async requireHostingSite (/home/adrian/.nvm/versions/node/v15.5.0/lib/node_modules/firebase-tools/lib/requireHostingSite.js:9:18)
    at async Object.fn (/home/adrian/.nvm/versions/node/v15.5.0/lib/node_modules/firebase-tools/lib/commands/deploy.js:66:9)
    at async /home/adrian/.nvm/versions/node/v15.5.0/lib/node_modules/firebase-tools/lib/command.js:169:17
[error] 
[error] Error: Failed to get Firebase project thaantisocialcircle. Please make sure the project exists and your account has permission to access it.
